#
# A fatal error has been detected by the Java Runtime Environment:
#
#  Internal Error (javaClasses.cpp:136), pid=15232, tid=140354692282112
#  fatal error: Invalid layout of preloaded class
#
# JRE version:  (7.0_55-b13) (build )
# Java VM: Java HotSpot(TM) 64-Bit Server VM (24.55-b03 mixed mode linux-amd64 compressed oops)
# Failed to write core dump. Core dumps have been disabled. To enable core dumping, try "ulimit -c unlimited" before starting Java again
#
# If you would like to submit a bug report, please visit:
#   http://bugreport.sun.com/bugreport/crash.jsp
#

---------------  T H R E A D  ---------------

Current thread (0x00007fa6d800a000):  JavaThread "Unknown thread" [_thread_in_vm, id=15233, stack(0x00007fa6df837000,0x00007fa6df938000)]

Stack: [0x00007fa6df837000,0x00007fa6df938000],  sp=0x00007fa6df936780,  free space=1021k
Native frames: (J=compiled Java code, j=interpreted, Vv=VM code, C=native code)
V  [libjvm.so+0x99305a]  VMError::report_and_die()+0x2ea
V  [libjvm.so+0x4935b9]  report_fatal(char const*, int, char const*)+0x59
V  [libjvm.so+0x5fdd30]  compute_offset(int&, klassOopDesc*, Symbol*, Symbol*, bool)+0x140
V  [libjvm.so+0x5fe849]  java_lang_String::compute_offsets()+0x39
V  [libjvm.so+0x9192d5]  SystemDictionary::initialize_preloaded_classes(Thread*)+0x1a5
V  [libjvm.so+0x968014]  Universe::genesis(Thread*)+0x494
V  [libjvm.so+0x9684c9]  universe2_init()+0x29
V  [libjvm.so+0x5a96cd]  init_globals()+0xbd
V  [libjvm.so+0x94f09d]  Threads::create_vm(JavaVMInitArgs*, bool*)+0x1ed
V  [libjvm.so+0x630834]  JNI_CreateJavaVM+0x74
C  [libjli.so+0x2f8e]  JavaMain+0x9e


---------------  P R O C E S S  ---------------

Java Threads: ( => current thread )

Other Threads:

=>0x00007fa6d800a000 (exited) JavaThread "Unknown thread" [_thread_in_vm, id=15233, stack(0x00007fa6df837000,0x00007fa6df938000)]

VM state:not at safepoint (not fully initialized)

VM Mutex/Monitor currently owned by a thread: None

GC Heap History (0 events):
No events

Deoptimization events (0 events):
No events

Internal exceptions (0 events):
No events

Events (10 events):
Event: 0.290 loading class 0x00007fa6dc5a06f0 done
Event: 0.290 loading class 0x00007fa6dc5a0110 done
Event: 0.290 loading class 0x00007fa6dc5a00f0
Event: 0.290 loading class 0x00007fa6dc5a81e0
Event: 0.290 loading class 0x00007fa6dc5a81e0 done
Event: 0.290 loading class 0x00007fa6dc5a8210
Event: 0.290 loading class 0x00007fa6dc5a8210 done
Event: 0.290 loading class 0x00007fa6dc5a8240
Event: 0.290 loading class 0x00007fa6dc5a8240 done
Event: 0.291 loading class 0x00007fa6dc5a00f0 done


Dynamic libraries:
00400000-00401000 r-xp 00000000 fc:00 7997651                            /usr/lib/jvm/java-7-oracle/bin/java
00600000-00601000 rw-p 00000000 fc:00 7997651                            /usr/lib/jvm/java-7-oracle/bin/java
01f18000-01f39000 rw-p 00000000 00:00 0                                  [heap]
dc200000-dd700000 rw-p 00000000 00:00 0 
dd700000-e1400000 rw-p 00000000 00:00 0 
e1400000-e2880000 rw-p 00000000 00:00 0 
e2880000-f5c00000 rw-p 00000000 00:00 0 
f5c00000-f6680000 rw-p 00000000 00:00 0 
f6680000-100000000 rw-p 00000000 00:00 0 
7fa6c4000000-7fa6c4021000 rw-p 00000000 00:00 0 
7fa6c4021000-7fa6c8000000 ---p 00000000 00:00 0 
7fa6cc000000-7fa6cc021000 rw-p 00000000 00:00 0 
7fa6cc021000-7fa6d0000000 ---p 00000000 00:00 0 
7fa6d3e10000-7fa6d5000000 rw-p 00000000 00:00 0 
7fa6d5000000-7fa6d5270000 rwxp 00000000 00:00 0 
7fa6d5270000-7fa6d806c000 rw-p 00000000 00:00 0 
7fa6d806c000-7fa6dc000000 ---p 00000000 00:00 0 
7fa6dc249000-7fa6dc48e000 rw-p 00000000 00:00 0 
7fa6dc48e000-7fa6dc52a000 r--s 00bcc000 fc:00 25174501                   /home/brij/Documents/Android/sdk/platforms/android-12/android.jar
7fa6dc52a000-7fa6dc742000 rw-p 00000000 00:00 0 
7fa6dc742000-7fa6dc743000 ---p 00000000 00:00 0 
7fa6dc743000-7fa6dc843000 rw-p 00000000 00:00 0                          [stack:15239]
7fa6dc843000-7fa6dc844000 ---p 00000000 00:00 0 
7fa6dc844000-7fa6dc94f000 rw-p 00000000 00:00 0                          [stack:15238]
7fa6dc94f000-7fa6dc96d000 rw-p 00000000 00:00 0 
7fa6dc96d000-7fa6dc978000 rw-p 00000000 00:00 0 
7fa6dc978000-7fa6dca11000 rw-p 00000000 00:00 0 
7fa6dca11000-7fa6dca1c000 rw-p 00000000 00:00 0 
7fa6dca1c000-7fa6dca3a000 rw-p 00000000 00:00 0 
7fa6dca3a000-7fa6dca45000 rw-p 00000000 00:00 0 
7fa6dca45000-7fa6dcade000 rw-p 00000000 00:00 0 
7fa6dcade000-7fa6dcae4000 rw-p 00000000 00:00 0 
7fa6dcae4000-7fa6dcb30000 rw-p 00000000 00:00 0 
7fa6dcb30000-7fa6dcb31000 rw-p 00000000 00:00 0 
7fa6dcb31000-7fa6dcb4b000 r-xp 00000000 fc:00 9175622                    /usr/lib/jvm/java-7-oracle/jre/lib/amd64/libzip.so
7fa6dcb4b000-7fa6dcd4b000 ---p 0001a000 fc:00 9175622                    /usr/lib/jvm/java-7-oracle/jre/lib/amd64/libzip.so
7fa6dcd4b000-7fa6dcd4c000 rw-p 0001a000 fc:00 9175622                    /usr/lib/jvm/java-7-oracle/jre/lib/amd64/libzip.so
7fa6dcd4c000-7fa6dcd58000 r-xp 00000000 fc:00 528229                     /lib/x86_64-linux-gnu/libnss_files-2.17.so
7fa6dcd58000-7fa6dcf57000 ---p 0000c000 fc:00 528229                     /lib/x86_64-linux-gnu/libnss_files-2.17.so
7fa6dcf57000-7fa6dcf58000 r--p 0000b000 fc:00 528229                     /lib/x86_64-linux-gnu/libnss_files-2.17.so
7fa6dcf58000-7fa6dcf59000 rw-p 0000c000 fc:00 528229                     /lib/x86_64-linux-gnu/libnss_files-2.17.so
7fa6dcf59000-7fa6dcf64000 r-xp 00000000 fc:00 528233                     /lib/x86_64-linux-gnu/libnss_nis-2.17.so
7fa6dcf64000-7fa6dd163000 ---p 0000b000 fc:00 528233                     /lib/x86_64-linux-gnu/libnss_nis-2.17.so
7fa6dd163000-7fa6dd164000 r--p 0000a000 fc:00 528233                     /lib/x86_64-linux-gnu/libnss_nis-2.17.so
7fa6dd164000-7fa6dd165000 rw-p 0000b000 fc:00 528233                     /lib/x86_64-linux-gnu/libnss_nis-2.17.so
7fa6dd165000-7fa6dd17c000 r-xp 00000000 fc:00 528223                     /lib/x86_64-linux-gnu/libnsl-2.17.so
7fa6dd17c000-7fa6dd37b000 ---p 00017000 fc:00 528223                     /lib/x86_64-linux-gnu/libnsl-2.17.so
7fa6dd37b000-7fa6dd37c000 r--p 00016000 fc:00 528223                     /lib/x86_64-linux-gnu/libnsl-2.17.so
7fa6dd37c000-7fa6dd37d000 rw-p 00017000 fc:00 528223                     /lib/x86_64-linux-gnu/libnsl-2.17.so
7fa6dd37d000-7fa6dd37f000 rw-p 00000000 00:00 0 
7fa6dd37f000-7fa6dd387000 r-xp 00000000 fc:00 528225                     /lib/x86_64-linux-gnu/libnss_compat-2.17.so
7fa6dd387000-7fa6dd586000 ---p 00008000 fc:00 528225                     /lib/x86_64-linux-gnu/libnss_compat-2.17.so
7fa6dd586000-7fa6dd587000 r--p 00007000 fc:00 528225                     /lib/x86_64-linux-gnu/libnss_compat-2.17.so
7fa6dd587000-7fa6dd588000 rw-p 00008000 fc:00 528225                     /lib/x86_64-linux-gnu/libnss_compat-2.17.so
7fa6dd588000-7fa6dd5b1000 r-xp 00000000 fc:00 9175632                    /usr/lib/jvm/java-7-oracle/jre/lib/amd64/libjava.so
7fa6dd5b1000-7fa6dd7b1000 ---p 00029000 fc:00 9175632                    /usr/lib/jvm/java-7-oracle/jre/lib/amd64/libjava.so
7fa6dd7b1000-7fa6dd7b3000 rw-p 00029000 fc:00 9175632                    /usr/lib/jvm/java-7-oracle/jre/lib/amd64/libjava.so
7fa6dd7b3000-7fa6dd7c0000 r-xp 00000000 fc:00 9175666                    /usr/lib/jvm/java-7-oracle/jre/lib/amd64/libverify.so
7fa6dd7c0000-7fa6dd9bf000 ---p 0000d000 fc:00 9175666                    /usr/lib/jvm/java-7-oracle/jre/lib/amd64/libverify.so
7fa6dd9bf000-7fa6dd9c1000 rw-p 0000c000 fc:00 9175666                    /usr/lib/jvm/java-7-oracle/jre/lib/amd64/libverify.so
7fa6dd9c1000-7fa6dd9c8000 r-xp 00000000 fc:00 528276                     /lib/x86_64-linux-gnu/librt-2.17.so
7fa6dd9c8000-7fa6ddbc7000 ---p 00007000 fc:00 528276                     /lib/x86_64-linux-gnu/librt-2.17.so
7fa6ddbc7000-7fa6ddbc8000 r--p 00006000 fc:00 528276                     /lib/x86_64-linux-gnu/librt-2.17.so
7fa6ddbc8000-7fa6ddbc9000 rw-p 00007000 fc:00 528276                     /lib/x86_64-linux-gnu/librt-2.17.so
7fa6ddbc9000-7fa6ddccc000 r-xp 00000000 fc:00 528204                     /lib/x86_64-linux-gnu/libm-2.17.so
7fa6ddccc000-7fa6ddecb000 ---p 00103000 fc:00 528204                     /lib/x86_64-linux-gnu/libm-2.17.so
7fa6ddecb000-7fa6ddecc000 r--p 00102000 fc:00 528204                     /lib/x86_64-linux-gnu/libm-2.17.so
7fa6ddecc000-7fa6ddecd000 rw-p 00103000 fc:00 528204                     /lib/x86_64-linux-gnu/libm-2.17.so
7fa6ddecd000-7fa6dea2f000 r-xp 00000000 fc:00 9175656                    /usr/lib/jvm/java-7-oracle/jre/lib/amd64/server/libjvm.so
7fa6dea2f000-7fa6dec2f000 ---p 00b62000 fc:00 9175656                    /usr/lib/jvm/java-7-oracle/jre/lib/amd64/server/libjvm.so
7fa6dec2f000-7fa6decf2000 rw-p 00b62000 fc:00 9175656                    /usr/lib/jvm/java-7-oracle/jre/lib/amd64/server/libjvm.so
7fa6decf2000-7fa6ded33000 rw-p 00000000 00:00 0 
7fa6ded33000-7fa6deef0000 r-xp 00000000 fc:00 528153                     /lib/x86_64-linux-gnu/libc-2.17.so
7fa6deef0000-7fa6df0f0000 ---p 001bd000 fc:00 528153                     /lib/x86_64-linux-gnu/libc-2.17.so
7fa6df0f0000-7fa6df0f4000 r--p 001bd000 fc:00 528153                     /lib/x86_64-linux-gnu/libc-2.17.so
7fa6df0f4000-7fa6df0f6000 rw-p 001c1000 fc:00 528153                     /lib/x86_64-linux-gnu/libc-2.17.so
7fa6df0f6000-7fa6df0fb000 rw-p 00000000 00:00 0 
7fa6df0fb000-7fa6df0fe000 r-xp 00000000 fc:00 528168                     /lib/x86_64-linux-gnu/libdl-2.17.so
7fa6df0fe000-7fa6df2fd000 ---p 00003000 fc:00 528168                     /lib/x86_64-linux-gnu/libdl-2.17.so
7fa6df2fd000-7fa6df2fe000 r--p 00002000 fc:00 528168                     /lib/x86_64-linux-gnu/libdl-2.17.so
7fa6df2fe000-7fa6df2ff000 rw-p 00003000 fc:00 528168                     /lib/x86_64-linux-gnu/libdl-2.17.so
7fa6df2ff000-7fa6df315000 r-xp 00000000 fc:00 10096772                   /usr/lib/jvm/java-7-oracle/lib/amd64/jli/libjli.so
7fa6df315000-7fa6df515000 ---p 00016000 fc:00 10096772                   /usr/lib/jvm/java-7-oracle/lib/amd64/jli/libjli.so
7fa6df515000-7fa6df516000 rw-p 00016000 fc:00 10096772                   /usr/lib/jvm/java-7-oracle/lib/amd64/jli/libjli.so
7fa6df516000-7fa6df52d000 r-xp 00000000 fc:00 528268                     /lib/x86_64-linux-gnu/libpthread-2.17.so
7fa6df52d000-7fa6df72d000 ---p 00017000 fc:00 528268                     /lib/x86_64-linux-gnu/libpthread-2.17.so
7fa6df72d000-7fa6df72e000 r--p 00017000 fc:00 528268                     /lib/x86_64-linux-gnu/libpthread-2.17.so
7fa6df72e000-7fa6df72f000 rw-p 00018000 fc:00 528268                     /lib/x86_64-linux-gnu/libpthread-2.17.so
7fa6df72f000-7fa6df733000 rw-p 00000000 00:00 0 
7fa6df733000-7fa6df756000 r-xp 00000000 fc:00 528129                     /lib/x86_64-linux-gnu/ld-2.17.so
7fa6df776000-7fa6df781000 rw-p 00000000 00:00 0 
7fa6df781000-7fa6df837000 rw-p 00000000 00:00 0 
7fa6df837000-7fa6df83a000 ---p 00000000 00:00 0 
7fa6df83a000-7fa6df949000 rw-p 00000000 00:00 0                          [stack:15233]
7fa6df949000-7fa6df951000 rw-s 00000000 fc:00 10225504                   /tmp/hsperfdata_brij/15232
7fa6df951000-7fa6df952000 rw-p 00000000 00:00 0 
7fa6df952000-7fa6df953000 r--p 00000000 00:00 0 
7fa6df953000-7fa6df955000 rw-p 00000000 00:00 0 
7fa6df955000-7fa6df956000 r--p 00022000 fc:00 528129                     /lib/x86_64-linux-gnu/ld-2.17.so
7fa6df956000-7fa6df958000 rw-p 00023000 fc:00 528129                     /lib/x86_64-linux-gnu/ld-2.17.so
7fff1350f000-7fff13530000 rw-p 00000000 00:00 0                          [stack]
7fff135fe000-7fff13600000 r-xp 00000000 00:00 0                          [vdso]
ffffffffff600000-ffffffffff601000 r-xp 00000000 00:00 0                  [vsyscall]

VM Arguments:
jvm_args: -Djava.library.path=/home/brij/Documents/Android/pocketsphinx-root/PocketSphinxAndroidDemo/libs/armeabi -Dfile.encoding=UTF-8 -Xbootclasspath:/home/brij/Documents/Android/sdk/platforms/android-12/android.jar 
java_command: edu.cmu.pocketsphinx.demo.TextParser
Launcher Type: SUN_STANDARD

Environment Variables:
PATH=/usr/local/sbin:/usr/local/bin:/usr/sbin:/usr/bin:/sbin:/bin:/usr/games:/usr/local/games
USERNAME=brij
SHELL=/bin/bash
DISPLAY=:0.0

Signal Handlers:
SIGSEGV: [libjvm.so+0x993980], sa_mask[0]=0x7ffbfeff, sa_flags=0x10000004
SIGBUS: [libjvm.so+0x993980], sa_mask[0]=0x7ffbfeff, sa_flags=0x10000004
SIGFPE: [libjvm.so+0x8106e0], sa_mask[0]=0x7ffbfeff, sa_flags=0x10000004
SIGPIPE: [libjvm.so+0x8106e0], sa_mask[0]=0x7ffbfeff, sa_flags=0x10000004
SIGXFSZ: [libjvm.so+0x8106e0], sa_mask[0]=0x7ffbfeff, sa_flags=0x10000004
SIGILL: [libjvm.so+0x8106e0], sa_mask[0]=0x7ffbfeff, sa_flags=0x10000004
SIGUSR1: SIG_DFL, sa_mask[0]=0x00000000, sa_flags=0x00000000
SIGUSR2: [libjvm.so+0x811bd0], sa_mask[0]=0x00000004, sa_flags=0x10000004
SIGHUP: SIG_DFL, sa_mask[0]=0x00000000, sa_flags=0x00000000
SIGINT: SIG_DFL, sa_mask[0]=0x00000000, sa_flags=0x00000000
SIGTERM: SIG_DFL, sa_mask[0]=0x00000000, sa_flags=0x00000000
SIGQUIT: SIG_DFL, sa_mask[0]=0x00000000, sa_flags=0x00000000


---------------  S Y S T E M  ---------------

OS:wheezy/sid

uname:Linux 3.11.0-12-generic #19-Ubuntu SMP Wed Oct 9 16:20:46 UTC 2013 x86_64
libc:glibc 2.17 NPTL 2.17 
rlimit: STACK 8192k, CORE 0k, NPROC 15513, NOFILE 4096, AS infinity
load average:0.38 0.27 0.16

/proc/meminfo:
MemTotal:        2015020 kB
MemFree:           88116 kB
Buffers:           97080 kB
Cached:           725424 kB
SwapCached:         2080 kB
Active:          1059760 kB
Inactive:         704800 kB
Active(anon):     830188 kB
Inactive(anon):   288156 kB
Active(file):     229572 kB
Inactive(file):   416644 kB
Unevictable:           0 kB
Mlocked:               0 kB
SwapTotal:       2060284 kB
SwapFree:        2052908 kB
Dirty:              6408 kB
Writeback:             0 kB
AnonPages:        940472 kB
Mapped:           121600 kB
Shmem:            176256 kB
Slab:             113868 kB
SReclaimable:      93812 kB
SUnreclaim:        20056 kB
KernelStack:        3000 kB
PageTables:        18132 kB
NFS_Unstable:          0 kB
Bounce:                0 kB
WritebackTmp:          0 kB
CommitLimit:     3067792 kB
Committed_AS:    2718128 kB
VmallocTotal:   34359738367 kB
VmallocUsed:      341952 kB
VmallocChunk:   34359393292 kB
HardwareCorrupted:     0 kB
AnonHugePages:         0 kB
HugePages_Total:       0
HugePages_Free:        0
HugePages_Rsvd:        0
HugePages_Surp:        0
Hugepagesize:       2048 kB
DirectMap4k:       42624 kB
DirectMap2M:     2019328 kB


CPU:total 2 (2 cores per cpu, 1 threads per core) family 6 model 23 stepping 10, cmov, cx8, fxsr, mmx, sse, sse2, sse3, ssse3, sse4.1, tsc

/proc/cpuinfo:
processor	: 0
vendor_id	: GenuineIntel
cpu family	: 6
model		: 23
model name	: Intel(R) Core(TM)2 Duo CPU     E7500  @ 2.93GHz
stepping	: 10
microcode	: 0xa07
cpu MHz		: 2936.000
cache size	: 3072 KB
physical id	: 0
siblings	: 2
core id		: 0
cpu cores	: 2
apicid		: 0
initial apicid	: 0
fpu		: yes
fpu_exception	: yes
cpuid level	: 13
wp		: yes
flags		: fpu vme de pse tsc msr pae mce cx8 apic sep mtrr pge mca cmov pat pse36 clflush dts acpi mmx fxsr sse sse2 ss ht tm pbe syscall nx lm constant_tsc arch_perfmon pebs bts rep_good nopl aperfmperf pni dtes64 monitor ds_cpl vmx est tm2 ssse3 cx16 xtpr pdcm sse4_1 xsave lahf_lm dtherm tpr_shadow vnmi flexpriority
bogomips	: 5851.89
clflush size	: 64
cache_alignment	: 64
address sizes	: 36 bits physical, 48 bits virtual
power management:

processor	: 1
vendor_id	: GenuineIntel
cpu family	: 6
model		: 23
model name	: Intel(R) Core(TM)2 Duo CPU     E7500  @ 2.93GHz
stepping	: 10
microcode	: 0xa07
cpu MHz		: 1603.000
cache size	: 3072 KB
physical id	: 0
siblings	: 2
core id		: 1
cpu cores	: 2
apicid		: 1
initial apicid	: 1
fpu		: yes
fpu_exception	: yes
cpuid level	: 13
wp		: yes
flags		: fpu vme de pse tsc msr pae mce cx8 apic sep mtrr pge mca cmov pat pse36 clflush dts acpi mmx fxsr sse sse2 ss ht tm pbe syscall nx lm constant_tsc arch_perfmon pebs bts rep_good nopl aperfmperf pni dtes64 monitor ds_cpl vmx est tm2 ssse3 cx16 xtpr pdcm sse4_1 xsave lahf_lm dtherm tpr_shadow vnmi flexpriority
bogomips	: 5851.89
clflush size	: 64
cache_alignment	: 64
address sizes	: 36 bits physical, 48 bits virtual
power management:



Memory: 4k page, physical 2015020k(88116k free), swap 2060284k(2052908k free)

vm_info: Java HotSpot(TM) 64-Bit Server VM (24.55-b03) for linux-amd64 JRE (1.7.0_55-b13), built on Mar 17 2014 19:43:58 by "java_re" with gcc 4.3.0 20080428 (Red Hat 4.3.0-8)

time: Fri May 30 15:37:11 2014
elapsed time: 0 seconds

